  Audio.cpp
  Balls.cpp
  Barriers.cpp
  Drawing.cpp
  gameManager.cpp
c:\users\usuario\desktop\pong_v1\project2\gamemanager.cpp(149): warning C4244: 'argumento': conversión de 'int' a 'float'; posible pérdida de datos
c:\users\usuario\desktop\pong_v1\project2\gamemanager.cpp(150): warning C4244: 'argumento': conversión de 'int' a 'float'; posible pérdida de datos
c:\users\usuario\desktop\pong_v1\project2\gamemanager.cpp(164): warning C4244: 'argumento': conversión de 'int' a 'float'; posible pérdida de datos
c:\users\usuario\desktop\pong_v1\project2\gamemanager.cpp(165): warning C4244: 'argumento': conversión de 'int' a 'float'; posible pérdida de datos
c:\users\usuario\desktop\pong_v1\project2\gamemanager.cpp(223): warning C4553: '==': el operador no tiene efecto; ¿ha pensado en '='?
c:\users\usuario\desktop\pong_v1\project2\gamemanager.cpp(224): warning C4553: '==': el operador no tiene efecto; ¿ha pensado en '='?
  Players.cpp
c:\users\usuario\desktop\pong_v1\project2\players.cpp(8): warning C4244: '=': conversión de 'int' a 'float'; posible pérdida de datos
c:\users\usuario\desktop\pong_v1\project2\players.cpp(15): warning C4244: '=': conversión de 'int' a 'float'; posible pérdida de datos
c:\users\usuario\desktop\pong_v1\project2\players.cpp(16): warning C4244: '=': conversión de 'int' a 'float'; posible pérdida de datos
  size.cpp
  Source.cpp
c:\users\usuario\desktop\pong_v1\project2\source.cpp(4): warning C4326: el tipo de valor devuelto de 'main' debe ser 'int' en lugar de 'void'
  Generando código...
Audio.obj : error LNK2019: símbolo externo InitAudioDevice sin resolver al que se hace referencia en la función "void __cdecl initAudio(void)" (?initAudio@@YAXXZ)
Audio.obj : error LNK2019: símbolo externo CloseAudioDevice sin resolver al que se hace referencia en la función "void __cdecl closeAudio(void)" (?closeAudio@@YAXXZ)
Audio.obj : error LNK2019: símbolo externo LoadMusicStream sin resolver al que se hace referencia en la función "void __cdecl initAudio(void)" (?initAudio@@YAXXZ)
Audio.obj : error LNK2019: símbolo externo UnloadMusicStream sin resolver al que se hace referencia en la función "void __cdecl closeAudio(void)" (?closeAudio@@YAXXZ)
gameManager.obj : error LNK2019: símbolo externo WindowShouldClose sin resolver al que se hace referencia en la función "void __cdecl endScreen(void)" (?endScreen@@YAXXZ)
gameManager.obj : error LNK2019: símbolo externo GetScreenWidth sin resolver al que se hace referencia en la función "void __cdecl collisions(int &,int &,struct Color &)" (?collisions@@YAXAEAH0AEAUColor@@@Z)
Players.obj : error LNK2001: símbolo externo GetScreenWidth sin resolver
gameManager.obj : error LNK2019: símbolo externo ClearBackground sin resolver al que se hace referencia en la función "void __cdecl endScreen(void)" (?endScreen@@YAXXZ)
gameManager.obj : error LNK2019: símbolo externo BeginDrawing sin resolver al que se hace referencia en la función "void __cdecl drawObjects(void)" (?drawObjects@@YAXXZ)
gameManager.obj : error LNK2019: símbolo externo EndDrawing sin resolver al que se hace referencia en la función "void __cdecl drawObjects(void)" (?drawObjects@@YAXXZ)
gameManager.obj : error LNK2019: símbolo externo SetTargetFPS sin resolver al que se hace referencia en la función "void __cdecl game(void)" (?game@@YAXXZ)
gameManager.obj : error LNK2019: símbolo externo IsKeyPressed sin resolver al que se hace referencia en la función "void __cdecl barrierShooting(void)" (?barrierShooting@@YAXXZ)
gameManager.obj : error LNK2019: símbolo externo IsKeyDown sin resolver al que se hace referencia en la función "void __cdecl inputs(void)" (?inputs@@YAXXZ)
gameManager.obj : error LNK2019: símbolo externo DrawCircleV sin resolver al que se hace referencia en la función "void __cdecl drawObjects(void)" (?drawObjects@@YAXXZ)
gameManager.obj : error LNK2019: símbolo externo DrawRectangleRec sin resolver al que se hace referencia en la función "void __cdecl drawObjects(void)" (?drawObjects@@YAXXZ)
gameManager.obj : error LNK2019: símbolo externo CheckCollisionCircleRec sin resolver al que se hace referencia en la función "void __cdecl collisions(int &,int &,struct Color &)" (?collisions@@YAXAEAH0AEAUColor@@@Z)
gameManager.obj : error LNK2019: símbolo externo DrawText sin resolver al que se hace referencia en la función "void __cdecl drawObjects(void)" (?drawObjects@@YAXXZ)
gameManager.obj : error LNK2019: símbolo externo TextFormat sin resolver al que se hace referencia en la función "void __cdecl drawObjects(void)" (?drawObjects@@YAXXZ)
gameManager.obj : error LNK2019: símbolo externo PlayMusicStream sin resolver al que se hace referencia en la función "void __cdecl game(void)" (?game@@YAXXZ)
gameManager.obj : error LNK2019: símbolo externo UpdateMusicStream sin resolver al que se hace referencia en la función "void __cdecl game(void)" (?game@@YAXXZ)
Players.obj : error LNK2019: símbolo externo GetScreenHeight sin resolver al que se hace referencia en la función "void __cdecl setPlayerParameters(void)" (?setPlayerParameters@@YAXXZ)
Source.obj : error LNK2019: símbolo externo InitWindow sin resolver al que se hace referencia en la función main
C:\Users\Usuario\Desktop\pong_v1\\raylib-2.5.0-Win32-msvc15\lib\raylib.lib : warning LNK4272: el tipo de máquina de biblioteca 'x86' está en conflicto con el tipo de máquina de destino 'x64'
C:\Users\Usuario\Desktop\pong_v1\x64\Debug\Project2.exe : fatal error LNK1120: 21 externos sin resolver
